<?xml version="1.0" encoding="UTF-8"?>
<!-- Generated by org.testng.reporters.JUnitReportReporter -->
<testsuite hostname="DESKTOP-Q6AMT1E" failures="0" tests="1" name="Com.Ecommerce.TestCases.TC_SortProduct" time="13.775" errors="0" timestamp="2023-01-22T00:30:26 IST" skipped="0">
  <testcase classname="Com.Ecommerce.TestCases.TC_SortProduct" name="SortProduct" time="13.775"/>
  <system-out/>
</testsuite> <!-- Com.Ecommerce.TestCases.TC_SortProduct -->
