<?xml version="1.0" encoding="UTF-8"?>
<!-- Generated by org.testng.reporters.JUnitReportReporter -->
<testsuite hostname="DESKTOP-Q6AMT1E" failures="0" tests="1" name="Com.Ecommerce.TestCases.TC_AddReview" time="13.562" errors="0" timestamp="2023-01-22T12:10:58 IST" skipped="0">
  <testcase classname="Com.Ecommerce.TestCases.TC_AddReview" name="AddReview" time="13.562"/>
  <system-out/>
</testsuite> <!-- Com.Ecommerce.TestCases.TC_AddReview -->
