<?xml version="1.0" encoding="UTF-8"?>
<!-- Generated by org.testng.reporters.JUnitReportReporter -->
<testsuite hostname="DESKTOP-Q6AMT1E" failures="0" tests="1" name="Com.Ecommerce.TestCases.TC_Filterbaseproduct" time="10.728" errors="0" timestamp="2023-01-21T00:51:14 IST" skipped="0">
  <testcase classname="Com.Ecommerce.TestCases.TC_Filterbaseproduct" name="Filterbaseproduct" time="10.728"/>
  <system-out/>
</testsuite> <!-- Com.Ecommerce.TestCases.TC_Filterbaseproduct -->
