<?xml version="1.0" encoding="UTF-8"?>
<!-- Generated by org.testng.reporters.JUnitReportReporter -->
<testsuite hostname="DESKTOP-Q6AMT1E" failures="0" tests="1" name="Com.Ecommerce.TestCases.TC_Registration" time="8.873" errors="0" timestamp="2023-01-24T12:42:51 IST" skipped="0">
  <testcase classname="Com.Ecommerce.TestCases.TC_Registration" name="Registartiontestcase" time="8.873"/>
  <system-out/>
</testsuite> <!-- Com.Ecommerce.TestCases.TC_Registration -->
